<?xml version="1.0" encoding="UTF-8"?>
<!-- Generated by org.testng.reporters.JUnitReportReporter -->
<testsuite hostname="LAPTOP-B1OMR5EQ" failures="0" tests="5" name="com.herokuapp.theinternet.negativelogintests.NegativeLogInTests" time="62.354" errors="0" timestamp="22 Jan 2020 21:43:25 GMT" skipped="0">
  <testcase classname="com.herokuapp.theinternet.negativelogintests.NegativeLogInTests" name="negativeLogInTest" time="13.048"/>
  <testcase classname="com.herokuapp.theinternet.negativelogintests.NegativeLogInTests" name="negativeLogInTest" time="13.141"/>
  <testcase classname="com.herokuapp.theinternet.negativelogintests.NegativeLogInTests" name="negativeLogInTest" time="11.697"/>
  <testcase classname="com.herokuapp.theinternet.negativelogintests.NegativeLogInTests" name="negativeLogInTest" time="12.563"/>
  <testcase classname="com.herokuapp.theinternet.negativelogintests.NegativeLogInTests" name="negativeLogInTest" time="11.905"/>
</testsuite> <!-- com.herokuapp.theinternet.negativelogintests.NegativeLogInTests -->
