<?xml version="1.0" encoding="UTF-8"?>
<!-- Generated by org.testng.reporters.JUnitReportReporter -->
<testsuite hostname="LAPTOP-B1OMR5EQ" failures="0" tests="2" name="com.herokuapp.theinternet.keypressestests.KeyPressesTests" time="19.517" errors="0" timestamp="16 Jan 2020 10:40:32 GMT" skipped="0">
  <testcase classname="com.herokuapp.theinternet.keypressestests.KeyPressesTests" name="pressKeyWithActionsTest" time="9.177"/>
  <testcase classname="com.herokuapp.theinternet.keypressestests.KeyPressesTests" name="pressKeyTest" time="10.340"/>
</testsuite> <!-- com.herokuapp.theinternet.keypressestests.KeyPressesTests -->
