<?xml version="1.0" encoding="UTF-8"?>
<!-- Generated by org.testng.reporters.JUnitReportReporter -->
<testsuite hostname="LAPTOP-B1OMR5EQ" failures="0" tests="1" name="com.herokuapp.theinternet.windowstests.WindowsTests" time="13.097" errors="0" timestamp="15 Jan 2020 10:24:29 GMT" skipped="0">
  <testcase classname="com.herokuapp.theinternet.windowstests.WindowsTests" name="newWindowTest" time="13.097"/>
</testsuite> <!-- com.herokuapp.theinternet.windowstests.WindowsTests -->
