<?xml version="1.0" encoding="UTF-8"?>
<!-- Generated by org.testng.reporters.JUnitReportReporter -->
<testsuite hostname="LAPTOP-B1OMR5EQ" failures="0" tests="1" name="com.herokuapp.theinternet.ExceptionsTests" time="13.237" errors="0" timestamp="03 Jan 2020 11:56:15 GMT" skipped="0">
  <testcase classname="com.herokuapp.theinternet.ExceptionsTests" name="disabledElementTest" time="13.237"/>
</testsuite> <!-- com.herokuapp.theinternet.ExceptionsTests -->
