<?xml version="1.0" encoding="UTF-8"?>
<!-- Generated by org.testng.reporters.JUnitReportReporter -->
<testsuite hostname="LAPTOP-B1OMR5EQ" failures="0" tests="4" name="com.herokuapp.theinternet.NegativeTests" time="52.564" errors="0" timestamp="07 Jan 2020 11:28:27 GMT" skipped="0">
  <testcase classname="com.herokuapp.theinternet.NegativeTests" name="negativeTest" time="20.594"/>
  <testcase classname="com.herokuapp.theinternet.NegativeTests" name="negativeTest" time="8.364"/>
  <testcase classname="com.herokuapp.theinternet.NegativeTests" name="negativeTest" time="9.973"/>
  <testcase classname="com.herokuapp.theinternet.NegativeTests" name="negativeTest" time="13.633"/>
</testsuite> <!-- com.herokuapp.theinternet.NegativeTests -->
