<?xml version="1.0" encoding="UTF-8"?>
<!-- Generated by org.testng.reporters.JUnitReportReporter -->
<testsuite hostname="LAPTOP-B1OMR5EQ" failures="0" tests="1" name="com.herokuapp.theinternet.negativeloginpage.NegativeLogInTests" time="0.000" errors="0" timestamp="21 Jan 2020 11:08:58 GMT" skipped="1">
  <testcase classname="com.herokuapp.theinternet.negativeloginpage.NegativeLogInTests" name="negativeLogInTest" time="0.000">
    <skipped/>
  </testcase> <!-- negativeLogInTest -->
</testsuite> <!-- com.herokuapp.theinternet.negativeloginpage.NegativeLogInTests -->
