<?xml version="1.0" encoding="UTF-8"?>
<!-- Generated by org.testng.reporters.JUnitReportReporter -->
<testsuite hostname="LAPTOP-B1OMR5EQ" failures="0" tests="1" name="com.herokuapp.theinternet.positivelogintests.PositiveLogInTests" time="12.287" errors="0" timestamp="21 Jan 2020 13:56:31 GMT" skipped="0">
  <testcase classname="com.herokuapp.theinternet.positivelogintests.PositiveLogInTests" name="logInTest" time="12.287"/>
</testsuite> <!-- com.herokuapp.theinternet.positivelogintests.PositiveLogInTests -->
