<?xml version="1.0" encoding="UTF-8"?>
<!-- Generated by org.testng.reporters.JUnitReportReporter -->
<testsuite hostname="LAPTOP-B1OMR5EQ" failures="0" tests="2" name="com.herokuapp.theinternet.hoverstests.HoversTests" time="35.984" errors="0" timestamp="20 Jan 2020 10:09:37 GMT" skipped="0">
  <testcase classname="com.herokuapp.theinternet.hoverstests.HoversTests" name="user2ProfileTest" time="23.587"/>
  <testcase classname="com.herokuapp.theinternet.hoverstests.HoversTests" name="user2ProfileTest" time="12.397"/>
</testsuite> <!-- com.herokuapp.theinternet.hoverstests.HoversTests -->
