<?xml version="1.0" encoding="UTF-8"?>
<!-- Generated by org.testng.reporters.JUnitReportReporter -->
<testsuite hostname="LAPTOP-B1OMR5EQ" failures="0" tests="2" name="com.herokuapp.theinternet.horizontalslidertests.HorizontalSliderTests" time="34.169" errors="0" timestamp="20 Jan 2020 11:11:58 GMT" skipped="0">
  <testcase classname="com.herokuapp.theinternet.horizontalslidertests.HorizontalSliderTests" name="sliderTest" time="14.711"/>
  <testcase classname="com.herokuapp.theinternet.horizontalslidertests.HorizontalSliderTests" name="sliderTest" time="19.458"/>
</testsuite> <!-- com.herokuapp.theinternet.horizontalslidertests.HorizontalSliderTests -->
