<?xml version="1.0" encoding="UTF-8"?>
<!-- Generated by org.testng.reporters.JUnitReportReporter -->
<testsuite hostname="LAPTOP-B1OMR5EQ" failures="0" tests="2" name="com.herokuapp.theinternet.checkboxespagetests.CheckboxesTests" time="24.954" errors="0" timestamp="24 Jan 2020 08:53:15 GMT" skipped="0">
  <testcase classname="com.herokuapp.theinternet.checkboxespagetests.CheckboxesTests" name="selectingTwoCheckboxesTest" time="14.011"/>
  <testcase classname="com.herokuapp.theinternet.checkboxespagetests.CheckboxesTests" name="selectingTwoCheckboxesTest" time="10.943"/>
</testsuite> <!-- com.herokuapp.theinternet.checkboxespagetests.CheckboxesTests -->
