<?xml version="1.0" encoding="UTF-8"?>
<!-- Generated by org.testng.reporters.JUnitReportReporter -->
<testsuite hostname="LAPTOP-B1OMR5EQ" failures="0" tests="1" name="com.herokuapp.theinternet.draganddroptests.DragAndDropTests" time="10.794" errors="0" timestamp="16 Jan 2020 20:04:08 GMT" skipped="0">
  <testcase classname="com.herokuapp.theinternet.draganddroptests.DragAndDropTests" name="dragAToBTest" time="10.794"/>
</testsuite> <!-- com.herokuapp.theinternet.draganddroptests.DragAndDropTests -->
