<?xml version="1.0" encoding="UTF-8"?>
<!-- Generated by org.testng.reporters.JUnitReportReporter -->
<testsuite hostname="LAPTOP-B1OMR5EQ" failures="0" tests="1" name="com.herokuapp.theinternet.PositiveTests" time="13.502" errors="0" timestamp="07 Jan 2020 11:20:50 GMT" skipped="0">
  <testcase classname="com.herokuapp.theinternet.PositiveTests" name="logInTest" time="13.502"/>
</testsuite> <!-- com.herokuapp.theinternet.PositiveTests -->
