<?xml version="1.0" encoding="UTF-8"?>
<!-- Generated by org.testng.reporters.JUnitReportReporter -->
<testsuite hostname="LAPTOP-B1OMR5EQ" failures="0" tests="4" name="com.herokuapp.theinternet.dropdowntests.DropdownTest" time="56.344" errors="0" timestamp="24 Jan 2020 20:35:17 GMT" skipped="0">
  <testcase classname="com.herokuapp.theinternet.dropdowntests.DropdownTest" name="optionTwoTest" time="26.385"/>
  <testcase classname="com.herokuapp.theinternet.dropdowntests.DropdownTest" name="optionTwoTest" time="6.927"/>
  <testcase classname="com.herokuapp.theinternet.dropdowntests.DropdownTest" name="optionTwoTest" time="12.988"/>
  <testcase classname="com.herokuapp.theinternet.dropdowntests.DropdownTest" name="optionTwoTest" time="10.044"/>
</testsuite> <!-- com.herokuapp.theinternet.dropdowntests.DropdownTest -->
